2023-11-24 11:36:08 | INFO    | __main__:stash:131 | run - {'image': '20231121', 'version': '0.10.1.post1', 'role': 'EpicPlayer', 'headless': True}
2023-11-24 11:36:16 | INFO    | __main__:claim_epic_games:97 | Try to flush cookie - {'task': 'claim_epic_games'}
2023-11-24 11:36:18 | INFO    | epic_games.agent:_login:237 | login-with-email - {'url': 'https://www.epicgames.com/id/login?lang=en-US&noHostRedirect=true&redirectUrl=https://store.epicgames.com/en-US/free-games'}
2023-11-24 11:36:22 | DEBUG    | epic_games.agent:insert_challenge:215 | Attack challenge - {'stage': 'email_exists_prod'}
2023-11-24 11:36:22 | DEBUG    | hcaptcha_challenger.agents.playwright.control:_parse_label:241 | get task - {'prompt': 'Please click on the most similar object to the following reference shape:'}
2023-11-24 11:36:24 | DEBUG    | hcaptcha_challenger.agents.playwright.control:lookup_objects:317 | handle task - {'catch_model': 'most_similar_object_hexagon_2309_yolov8n-seg.onnx', 'ash': 'please click on the most similar object to the following reference shape: default'}
2023-11-24 11:36:28 | DEBUG    | epic_games.agent:insert_challenge:218 | Parse result - {'stage': 'email_exists_prod', 'result': <Status.CHALLENGE_RETRY: 'retry'>}
2023-11-24 11:36:32 | DEBUG    | hcaptcha_challenger.agents.playwright.control:_parse_label:241 | get task - {'prompt': 'Please click on the most similar object to the following reference shape:'}
2023-11-24 11:36:33 | DEBUG    | hcaptcha_challenger.agents.playwright.control:lookup_objects:317 | handle task - {'catch_model': 'most_similar_object_hexagon_2309_yolov8n-seg.onnx', 'ash': 'please click on the most similar object to the following reference shape: default'}
2023-11-24 11:36:36 | DEBUG    | hcaptcha_challenger.agents.playwright.control:lookup_objects:317 | handle task - {'catch_model': 'most_similar_object_hexagon_2309_yolov8n-seg.onnx', 'ash': 'please click on the most similar object to the following reference shape: default'}
2023-11-24 11:36:38 | DEBUG    | epic_games.agent:insert_challenge:218 | Parse result - {'stage': 'email_exists_prod', 'result': <Status.CHALLENGE_SUCCESS: 'success'>}
2023-11-24 11:37:08 | WARNING    | epic_games.agent:authorize:266 | 执行超时 - {'task': 'authorize', 'retry': 0}
2023-11-24 11:37:10 | INFO    | epic_games.agent:_login:237 | login-with-email - {'url': 'https://www.epicgames.com/id/login?lang=en-US&noHostRedirect=true&redirectUrl=https://store.epicgames.com/en-US/free-games'}
2023-11-24 11:37:14 | DEBUG    | epic_games.agent:insert_challenge:215 | Attack challenge - {'stage': 'email_exists_prod'}
2023-11-24 11:37:14 | DEBUG    | hcaptcha_challenger.agents.playwright.control:_parse_label:241 | get task - {'prompt': 'Please click on each image containing the smallest animal in real life'}
2023-11-24 11:37:16 | DEBUG    | hcaptcha_challenger.agents.playwright.control:_catch_all_binary_challenge:474 | handle task - {'unsupervised': 'binary', 'candidate_labels': ['This is a picture that looks like the smallest animal in real life.', "This is a picture that don't look like the smallest animal in real life."], 'prompt': 'Please click on each image containing the smallest animal in real life', 'timit': '0.852s'}
2023-11-24 11:37:27 | DEBUG    | epic_games.agent:insert_challenge:218 | Parse result - {'stage': 'email_exists_prod', 'result': <Status.CHALLENGE_RETRY: 'retry'>}
2023-11-24 11:37:33 | DEBUG    | hcaptcha_challenger.agents.playwright.control:_parse_label:241 | get task - {'prompt': 'Please click on the most similar object to the following reference shape:'}
2023-11-24 11:37:39 | DEBUG    | epic_games.agent:insert_challenge:218 | Parse result - {'stage': 'email_exists_prod', 'result': <Status.CHALLENGE_RETRY: 'retry'>}
2023-11-24 11:37:42 | DEBUG    | hcaptcha_challenger.agents.playwright.control:_parse_label:241 | get task - {'prompt': 'Please click on the most similar object to the following reference shape:'}
2023-11-24 11:37:43 | DEBUG    | hcaptcha_challenger.agents.playwright.control:lookup_objects:317 | handle task - {'catch_model': 'most_similar_object_hexagon_2309_yolov8n-seg.onnx', 'ash': 'please click on the most similar object to the following reference shape: default'}
2023-11-24 11:37:46 | DEBUG    | hcaptcha_challenger.agents.playwright.control:lookup_objects:317 | handle task - {'catch_model': 'most_similar_object_hexagon_2309_yolov8n-seg.onnx', 'ash': 'please click on the most similar object to the following reference shape: default'}
2023-11-24 11:37:51 | DEBUG    | epic_games.agent:insert_challenge:218 | Parse result - {'stage': 'email_exists_prod', 'result': <Status.CHALLENGE_RETRY: 'retry'>}
2023-11-24 11:37:55 | DEBUG    | hcaptcha_challenger.agents.playwright.control:_parse_label:241 | get task - {'prompt': 'Please click on the most similar object to the following reference shape:'}
2023-11-24 11:38:00 | DEBUG    | epic_games.agent:insert_challenge:218 | Parse result - {'stage': 'email_exists_prod', 'result': <Status.CHALLENGE_RETRY: 'retry'>}
2023-11-24 11:38:03 | DEBUG    | hcaptcha_challenger.agents.playwright.control:_parse_label:241 | get task - {'prompt': 'Please click on the most similar object to the following reference shape:'}
2023-11-24 11:38:05 | DEBUG    | hcaptcha_challenger.agents.playwright.control:lookup_objects:317 | handle task - {'catch_model': 'most_similar_object_hexagon_2309_yolov8n-seg.onnx', 'ash': 'please click on the most similar object to the following reference shape: default'}
2023-11-24 11:38:07 | DEBUG    | hcaptcha_challenger.agents.playwright.control:lookup_objects:317 | handle task - {'catch_model': 'most_similar_object_hexagon_2309_yolov8n-seg.onnx', 'ash': 'please click on the most similar object to the following reference shape: default'}
2023-11-24 11:38:11 | DEBUG    | epic_games.agent:insert_challenge:218 | Parse result - {'stage': 'email_exists_prod', 'result': <Status.CHALLENGE_SUCCESS: 'success'>}
2023-11-24 11:38:41 | WARNING    | epic_games.agent:authorize:266 | 执行超时 - {'task': 'authorize', 'retry': 1}
2023-11-24 11:38:43 | INFO    | epic_games.agent:_login:237 | login-with-email - {'url': 'https://www.epicgames.com/id/login?lang=en-US&noHostRedirect=true&redirectUrl=https://store.epicgames.com/en-US/free-games'}
2023-11-24 11:38:47 | DEBUG    | epic_games.agent:insert_challenge:215 | Attack challenge - {'stage': 'email_exists_prod'}
2023-11-24 11:38:47 | DEBUG    | hcaptcha_challenger.agents.playwright.control:_parse_label:241 | get task - {'prompt': 'Please click on the most similar object to the following reference shape:'}
2023-11-24 11:38:48 | DEBUG    | hcaptcha_challenger.agents.playwright.control:lookup_objects:317 | handle task - {'catch_model': 'most_similar_object_hexagon_2309_yolov8n-seg.onnx', 'ash': 'please click on the most similar object to the following reference shape: default'}
2023-11-24 11:38:51 | DEBUG    | hcaptcha_challenger.agents.playwright.control:lookup_objects:317 | handle task - {'catch_model': 'most_similar_object_hexagon_2309_yolov8n-seg.onnx', 'ash': 'please click on the most similar object to the following reference shape: default'}
2023-11-24 11:38:53 | DEBUG    | epic_games.agent:insert_challenge:218 | Parse result - {'stage': 'email_exists_prod', 'result': <Status.CHALLENGE_SUCCESS: 'success'>}
2023-11-24 11:38:57 | DEBUG    | epic_games.agent:insert_challenge:209 | Attack challenge - {'stage': 'login_prod'}
2023-11-24 11:38:57 | DEBUG    | hcaptcha_challenger.agents.playwright.control:_parse_label:241 | get task - {'prompt': 'Please click each image containing a penguіn.'}
2023-11-24 11:38:58 | DEBUG    | hcaptcha_challenger.agents.playwright.control:_catch_all_binary_challenge:474 | handle task - {'unsupervised': 'binary', 'candidate_labels': ['This is a picture that looks like penguin.', "This is a picture that don't look like penguin."], 'prompt': 'Please click each image containing a penguіn.', 'timit': '0.807s'}
2023-11-24 11:39:07 | DEBUG    | epic_games.agent:insert_challenge:218 | Parse result - {'stage': 'login_prod', 'result': <Status.CHALLENGE_RETRY: 'retry'>}
2023-11-24 11:39:11 | DEBUG    | hcaptcha_challenger.agents.playwright.control:_parse_label:241 | get task - {'prompt': 'Please click each image containing a buѕ'}
2023-11-24 11:39:11 | DEBUG    | hcaptcha_challenger.agents.playwright.control:_catch_all_binary_challenge:474 | handle task - {'unsupervised': 'binary', 'candidate_labels': ['This is a picture that looks like bus.', "This is a picture that don't look like bus."], 'prompt': 'Please click each image containing a buѕ', 'timit': '0.702s'}
2023-11-24 11:39:24 | DEBUG    | epic_games.agent:insert_challenge:218 | Parse result - {'stage': 'login_prod', 'result': <Status.CHALLENGE_RETRY: 'retry'>}
2023-11-24 11:39:32 | DEBUG    | hcaptcha_challenger.agents.playwright.control:_parse_label:241 | get task - {'prompt': 'Please click on the most similar object to the following reference sһapе:'}
2023-11-24 11:39:34 | DEBUG    | hcaptcha_challenger.agents.playwright.control:lookup_objects:317 | handle task - {'catch_model': 'most_similar_object_hexagon_2309_yolov8n-seg.onnx', 'ash': 'please click on the most similar object to the following reference shape: default'}
2023-11-24 11:39:36 | DEBUG    | hcaptcha_challenger.agents.playwright.control:lookup_objects:317 | handle task - {'catch_model': 'most_similar_object_hexagon_2309_yolov8n-seg.onnx', 'ash': 'please click on the most similar object to the following reference shape: default'}
2023-11-24 11:39:38 | DEBUG    | epic_games.agent:insert_challenge:218 | Parse result - {'stage': 'login_prod', 'result': <Status.CHALLENGE_SUCCESS: 'success'>}
2023-11-24 11:39:40 | SUCCESS    | epic_games.agent:_login:253 | login - {'result': 'Successfully refreshed tokens'}
2023-11-24 11:39:50 | SUCCESS    | epic_games.agent:flush_token:280 | flush_token - {'path': PosixPath('/home/runner/work/epic-game/epic-game/epic/user_data_dir/epic-games@1310859094/ctx_cookie.json')}
2023-11-24 11:39:51 | DEBUG    | __main__:create_tasks:66 | Put task - {'title': 'Deliver Us Mars', 'url': 'https://store.epicgames.com/en-US/p/deliver-us-mars'}
2023-11-24 11:39:51 | INFO    | epic_games.agent:claim_weekly_games:294 | claim_weekly_games - {'action': 'go to store', 'url': 'https://store.epicgames.com/en-US/p/deliver-us-mars'}
2023-11-24 11:39:59 | INFO    | epic_games.agent:claim_weekly_games:326 | claim_weekly_games - {'action': 'move to webPurchaseContainer iframe'}
2023-11-24 11:40:01 | INFO    | epic_games.agent:claim_weekly_games:328 | claim_weekly_games - {'action': 'click payment button'}
2023-11-24 11:40:06 | DEBUG    | hcaptcha_challenger.agents.playwright.control:_parse_label:241 | get task - {'prompt': "Please click on the object that isn't following the рattern"}
2023-11-24 11:40:13 | DEBUG    | epic_games.agent:insert_challenge:106 | task done - {'sattus': 'success'}
2023-11-24 11:40:45 | INFO    | epic_games.agent:claim_weekly_games:294 | claim_weekly_games - {'action': 'go to store', 'url': 'https://store.epicgames.com/en-US/p/deliver-us-mars'}
2023-11-24 11:40:54 | INFO    | epic_games.agent:claim_weekly_games:326 | claim_weekly_games - {'action': 'move to webPurchaseContainer iframe'}
2023-11-24 11:40:56 | INFO    | epic_games.agent:claim_weekly_games:328 | claim_weekly_games - {'action': 'click payment button'}
2023-11-24 11:41:01 | DEBUG    | hcaptcha_challenger.agents.playwright.control:_parse_label:241 | get task - {'prompt': 'Please click each image containing a fеrry'}
2023-11-24 11:41:02 | DEBUG    | hcaptcha_challenger.agents.playwright.control:_catch_all_binary_challenge:474 | handle task - {'unsupervised': 'binary', 'candidate_labels': ['This is a picture that looks like ferry.', "This is a picture that don't look like ferry."], 'prompt': 'Please click each image containing a fеrry', 'timit': '0.681s'}
2023-11-24 11:41:13 | DEBUG    | epic_games.agent:insert_challenge:106 | task done - {'sattus': 'success'}
2023-11-24 11:41:45 | INFO    | epic_games.agent:claim_weekly_games:294 | claim_weekly_games - {'action': 'go to store', 'url': 'https://store.epicgames.com/en-US/p/deliver-us-mars'}
2023-11-24 11:41:53 | INFO    | epic_games.agent:claim_weekly_games:326 | claim_weekly_games - {'action': 'move to webPurchaseContainer iframe'}
2023-11-24 11:41:56 | INFO    | epic_games.agent:claim_weekly_games:328 | claim_weekly_games - {'action': 'click payment button'}
2023-11-24 11:42:01 | DEBUG    | hcaptcha_challenger.agents.playwright.control:_parse_label:241 | get task - {'prompt': 'Please click on the most similar object to the following reference ѕһаре:'}
2023-11-24 11:42:03 | DEBUG    | hcaptcha_challenger.agents.playwright.control:lookup_objects:317 | handle task - {'catch_model': 'most_similar_object_hexagon_2309_yolov8n-seg.onnx', 'ash': 'please click on the most similar object to the following reference shape: default'}
2023-11-24 11:42:05 | DEBUG    | hcaptcha_challenger.agents.playwright.control:lookup_objects:317 | handle task - {'catch_model': 'most_similar_object_hexagon_2309_yolov8n-seg.onnx', 'ash': 'please click on the most similar object to the following reference shape: default'}
2023-11-24 11:42:08 | DEBUG    | epic_games.agent:insert_challenge:106 | task done - {'sattus': 'success'}
2023-11-24 11:42:40 | ERROR    | __main__:run:158 | An error has been caught in function 'run', process 'MainProcess' (3601), thread 'MainThread' (139877203073920): - {}
Traceback (most recent call last):
  File "/home/runner/work/epic-game/epic-game/epic/src/claim.py", line 151, in stash
    await self.claim_epic_games(context)
  File "/home/runner/work/epic-game/epic-game/epic/src/claim.py", line 122, in claim_epic_games
    await epic.claim_weekly_games(page, single_promotions)
  File "/opt/hostedtoolcache/Python/3.10.13/x64/lib/python3.10/site-packages/tenacity/_asyncio.py", line 88, in async_wrapped
    return await fn(*args, **kwargs)
  File "/opt/hostedtoolcache/Python/3.10.13/x64/lib/python3.10/site-packages/tenacity/_asyncio.py", line 47, in __call__
    do = self.iter(retry_state=retry_state)
  File "/opt/hostedtoolcache/Python/3.10.13/x64/lib/python3.10/site-packages/tenacity/__init__.py", line 325, in iter
    raise retry_exc.reraise()
  File "/opt/hostedtoolcache/Python/3.10.13/x64/lib/python3.10/site-packages/tenacity/__init__.py", line 158, in reraise
    raise self.last_attempt.result()
  File "/opt/hostedtoolcache/Python/3.10.13/x64/lib/python3.10/concurrent/futures/_base.py", line 451, in result
    return self.__get_result()
  File "/opt/hostedtoolcache/Python/3.10.13/x64/lib/python3.10/concurrent/futures/_base.py", line 403, in __get_result
    raise self._exception
  File "/opt/hostedtoolcache/Python/3.10.13/x64/lib/python3.10/site-packages/tenacity/_asyncio.py", line 50, in __call__
    result = await fn(*args, **kwargs)
  File "/home/runner/work/epic-game/epic-game/epic/src/epic_games/agent.py", line 338, in claim_weekly_games
    await page.wait_for_url(recur_url)
  File "/opt/hostedtoolcache/Python/3.10.13/x64/lib/python3.10/site-packages/playwright/async_api/_generated.py", line 9417, in wait_for_url
    await self._impl_obj.wait_for_url(
  File "/opt/hostedtoolcache/Python/3.10.13/x64/lib/python3.10/site-packages/playwright/_impl/_page.py", line 499, in wait_for_url
    return await self._main_frame.wait_for_url(**locals_to_params(locals()))
  File "/opt/hostedtoolcache/Python/3.10.13/x64/lib/python3.10/site-packages/playwright/_impl/_frame.py", line 227, in wait_for_url
    async with self.expect_navigation(
  File "/opt/hostedtoolcache/Python/3.10.13/x64/lib/python3.10/site-packages/playwright/_impl/_event_context_manager.py", line 33, in __aexit__
    await self._future
  File "/opt/hostedtoolcache/Python/3.10.13/x64/lib/python3.10/site-packages/playwright/_impl/_frame.py", line 202, in continuation
    event = await waiter.result()
playwright._impl._errors.TimeoutError: Timeout 30000ms exceeded.
=========================== logs ===========================
waiting for navigation to "https://store.epicgames.com/en-US/cart/success" until 'load'
============================================================

During handling of the above exception, another exception occurred:

Traceback (most recent call last):
  File "/home/runner/work/epic-game/epic-game/epic/src/claim.py", line 162, in <module>
    asyncio.run(run())
  File "/opt/hostedtoolcache/Python/3.10.13/x64/lib/python3.10/asyncio/runners.py", line 44, in run
    return loop.run_until_complete(main)
  File "/opt/hostedtoolcache/Python/3.10.13/x64/lib/python3.10/asyncio/base_events.py", line 636, in run_until_complete
    self.run_forever()
  File "/opt/hostedtoolcache/Python/3.10.13/x64/lib/python3.10/asyncio/base_events.py", line 603, in run_forever
    self._run_once()
  File "/opt/hostedtoolcache/Python/3.10.13/x64/lib/python3.10/asyncio/base_events.py", line 1909, in _run_once
    handle._run()
  File "/opt/hostedtoolcache/Python/3.10.13/x64/lib/python3.10/asyncio/events.py", line 80, in _run
    self._context.run(self._callback, *self._args)
> File "/home/runner/work/epic-game/epic-game/epic/src/claim.py", line 158, in run
    await agent.stash()
  File "/home/runner/work/epic-game/epic-game/epic/src/claim.py", line 139, in stash
    async with async_playwright() as p:
  File "/opt/hostedtoolcache/Python/3.10.13/x64/lib/python3.10/site-packages/playwright/async_api/_context_manager.py", line 58, in __aexit__
    await self._connection.stop_async()
  File "/opt/hostedtoolcache/Python/3.10.13/x64/lib/python3.10/site-packages/playwright/_impl/_connection.py", line 288, in stop_async
    self.cleanup()
  File "/opt/hostedtoolcache/Python/3.10.13/x64/lib/python3.10/site-packages/playwright/_impl/_connection.py", line 299, in cleanup
    callback.future.set_exception(self._closed_error)
asyncio.exceptions.InvalidStateError: invalid state
