{"text": "2023-12-01 00:44:58 | INFO    | __main__:stash:131 | run - {'image': '20231121', 'version': '0.10.1.post1', 'role': 'EpicPlayer', 'headless': True}\n", "record": {"elapsed": {"repr": "0:00:01.053969", "seconds": 1.053969}, "exception": null, "extra": {"image": "20231121", "version": "0.10.1.post1", "role": "EpicPlayer", "headless": true}, "file": {"name": "claim.py", "path": "/home/runner/work/epic-game/epic-game/epic/src/claim.py"}, "function": "stash", "level": {"icon": "‚ÑπÔ∏è", "name": "INFO", "no": 20}, "line": 131, "message": "run", "module": "claim", "name": "__main__", "process": {"id": 3614, "name": "MainProcess"}, "thread": {"id": 140647931620224, "name": "MainThread"}, "time": {"repr": "2023-12-01 00:44:58.231896+08:00", "timestamp": 1701362698.231896}}}
{"text": "2023-12-01 00:45:06 | DEBUG    | __main__:create_tasks:66 | Put task - {'title': 'Mighty Fight Federation', 'url': 'https://store.epicgames.com/en-US/p/mighty-fight-federation'}\n", "record": {"elapsed": {"repr": "0:00:09.102697", "seconds": 9.102697}, "exception": null, "extra": {"title": "Mighty Fight Federation", "url": "https://store.epicgames.com/en-US/p/mighty-fight-federation"}, "file": {"name": "claim.py", "path": "/home/runner/work/epic-game/epic-game/epic/src/claim.py"}, "function": "create_tasks", "level": {"icon": "üêû", "name": "DEBUG", "no": 10}, "line": 66, "message": "Put task", "module": "claim", "name": "__main__", "process": {"id": 3614, "name": "MainProcess"}, "thread": {"id": 140647931620224, "name": "MainThread"}, "time": {"repr": "2023-12-01 00:45:06.280624+08:00", "timestamp": 1701362706.280624}}}
{"text": "2023-12-01 00:45:06 | DEBUG    | __main__:create_tasks:66 | Put task - {'title': 'Jitsu Squad', 'url': 'https://store.epicgames.com/en-US/p/jitsu-squad-af3f2f'}\n", "record": {"elapsed": {"repr": "0:00:09.103450", "seconds": 9.10345}, "exception": null, "extra": {"title": "Jitsu Squad", "url": "https://store.epicgames.com/en-US/p/jitsu-squad-af3f2f"}, "file": {"name": "claim.py", "path": "/home/runner/work/epic-game/epic-game/epic/src/claim.py"}, "function": "create_tasks", "level": {"icon": "üêû", "name": "DEBUG", "no": 10}, "line": 66, "message": "Put task", "module": "claim", "name": "__main__", "process": {"id": 3614, "name": "MainProcess"}, "thread": {"id": 140647931620224, "name": "MainThread"}, "time": {"repr": "2023-12-01 00:45:06.281377+08:00", "timestamp": 1701362706.281377}}}
{"text": "2023-12-01 00:45:11 | INFO    | epic_games.agent:claim_weekly_games:294 | claim_weekly_games - {'action': 'go to store', 'url': 'https://store.epicgames.com/en-US/p/mighty-fight-federation'}\n", "record": {"elapsed": {"repr": "0:00:14.503987", "seconds": 14.503987}, "exception": null, "extra": {"action": "go to store", "url": "https://store.epicgames.com/en-US/p/mighty-fight-federation"}, "file": {"name": "agent.py", "path": "/home/runner/work/epic-game/epic-game/epic/src/epic_games/agent.py"}, "function": "claim_weekly_games", "level": {"icon": "‚ÑπÔ∏è", "name": "INFO", "no": 20}, "line": 294, "message": "claim_weekly_games", "module": "agent", "name": "epic_games.agent", "process": {"id": 3614, "name": "MainProcess"}, "thread": {"id": 140647931620224, "name": "MainThread"}, "time": {"repr": "2023-12-01 00:45:11.681914+08:00", "timestamp": 1701362711.681914}}}
{"text": "2023-12-01 00:45:16 | INFO    | epic_games.agent:claim_weekly_games:294 | claim_weekly_games - {'action': 'go to store', 'url': 'https://store.epicgames.com/en-US/p/jitsu-squad-af3f2f'}\n", "record": {"elapsed": {"repr": "0:00:19.141495", "seconds": 19.141495}, "exception": null, "extra": {"action": "go to store", "url": "https://store.epicgames.com/en-US/p/jitsu-squad-af3f2f"}, "file": {"name": "agent.py", "path": "/home/runner/work/epic-game/epic-game/epic/src/epic_games/agent.py"}, "function": "claim_weekly_games", "level": {"icon": "‚ÑπÔ∏è", "name": "INFO", "no": 20}, "line": 294, "message": "claim_weekly_games", "module": "agent", "name": "epic_games.agent", "process": {"id": 3614, "name": "MainProcess"}, "thread": {"id": 140647931620224, "name": "MainThread"}, "time": {"repr": "2023-12-01 00:45:16.319422+08:00", "timestamp": 1701362716.319422}}}
{"text": "2023-12-01 00:45:25 | INFO    | epic_games.agent:claim_weekly_games:326 | claim_weekly_games - {'action': 'move to webPurchaseContainer iframe'}\n", "record": {"elapsed": {"repr": "0:00:28.212371", "seconds": 28.212371}, "exception": null, "extra": {"action": "move to webPurchaseContainer iframe"}, "file": {"name": "agent.py", "path": "/home/runner/work/epic-game/epic-game/epic/src/epic_games/agent.py"}, "function": "claim_weekly_games", "level": {"icon": "‚ÑπÔ∏è", "name": "INFO", "no": 20}, "line": 326, "message": "claim_weekly_games", "module": "agent", "name": "epic_games.agent", "process": {"id": 3614, "name": "MainProcess"}, "thread": {"id": 140647931620224, "name": "MainThread"}, "time": {"repr": "2023-12-01 00:45:25.390298+08:00", "timestamp": 1701362725.390298}}}
{"text": "2023-12-01 00:45:27 | INFO    | epic_games.agent:claim_weekly_games:328 | claim_weekly_games - {'action': 'click payment button'}\n", "record": {"elapsed": {"repr": "0:00:30.667118", "seconds": 30.667118}, "exception": null, "extra": {"action": "click payment button"}, "file": {"name": "agent.py", "path": "/home/runner/work/epic-game/epic-game/epic/src/epic_games/agent.py"}, "function": "claim_weekly_games", "level": {"icon": "‚ÑπÔ∏è", "name": "INFO", "no": 20}, "line": 328, "message": "claim_weekly_games", "module": "agent", "name": "epic_games.agent", "process": {"id": 3614, "name": "MainProcess"}, "thread": {"id": 140647931620224, "name": "MainThread"}, "time": {"repr": "2023-12-01 00:45:27.845045+08:00", "timestamp": 1701362727.845045}}}
{"text": "2023-12-01 00:45:32 | DEBUG    | hcaptcha_challenger.agents.playwright.control:_parse_label:241 | get task - {'prompt': \"Please click on the hamster's h–µ–∞‘Å\"}\n", "record": {"elapsed": {"repr": "0:00:35.669303", "seconds": 35.669303}, "exception": null, "extra": {"prompt": "Please click on the hamster's h–µ–∞‘Å"}, "file": {"name": "control.py", "path": "/opt/hostedtoolcache/Python/3.10.13/x64/lib/python3.10/site-packages/hcaptcha_challenger/agents/playwright/control.py"}, "function": "_parse_label", "level": {"icon": "üêû", "name": "DEBUG", "no": 10}, "line": 241, "message": "get task", "module": "control", "name": "hcaptcha_challenger.agents.playwright.control", "process": {"id": 3614, "name": "MainProcess"}, "thread": {"id": 140647931620224, "name": "MainThread"}, "time": {"repr": "2023-12-01 00:45:32.847230+08:00", "timestamp": 1701362732.84723}}}
{"text": "2023-12-01 00:45:37 | DEBUG    | epic_games.agent:insert_challenge:106 | task done - {'sattus': 'success'}\n", "record": {"elapsed": {"repr": "0:00:40.646524", "seconds": 40.646524}, "exception": null, "extra": {"sattus": "success"}, "file": {"name": "agent.py", "path": "/home/runner/work/epic-game/epic-game/epic/src/epic_games/agent.py"}, "function": "insert_challenge", "level": {"icon": "üêû", "name": "DEBUG", "no": 10}, "line": 106, "message": "task done", "module": "agent", "name": "epic_games.agent", "process": {"id": 3614, "name": "MainProcess"}, "thread": {"id": 140647931620224, "name": "MainThread"}, "time": {"repr": "2023-12-01 00:45:37.824451+08:00", "timestamp": 1701362737.824451}}}
{"text": "2023-12-01 00:46:10 | INFO    | epic_games.agent:claim_weekly_games:294 | claim_weekly_games - {'action': 'go to store', 'url': 'https://store.epicgames.com/en-US/p/mighty-fight-federation'}\n", "record": {"elapsed": {"repr": "0:01:12.839088", "seconds": 72.839088}, "exception": null, "extra": {"action": "go to store", "url": "https://store.epicgames.com/en-US/p/mighty-fight-federation"}, "file": {"name": "agent.py", "path": "/home/runner/work/epic-game/epic-game/epic/src/epic_games/agent.py"}, "function": "claim_weekly_games", "level": {"icon": "‚ÑπÔ∏è", "name": "INFO", "no": 20}, "line": 294, "message": "claim_weekly_games", "module": "agent", "name": "epic_games.agent", "process": {"id": 3614, "name": "MainProcess"}, "thread": {"id": 140647931620224, "name": "MainThread"}, "time": {"repr": "2023-12-01 00:46:10.017015+08:00", "timestamp": 1701362770.017015}}}
{"text": "2023-12-01 00:46:14 | INFO    | epic_games.agent:claim_weekly_games:294 | claim_weekly_games - {'action': 'go to store', 'url': 'https://store.epicgames.com/en-US/p/jitsu-squad-af3f2f'}\n", "record": {"elapsed": {"repr": "0:01:17.718770", "seconds": 77.71877}, "exception": null, "extra": {"action": "go to store", "url": "https://store.epicgames.com/en-US/p/jitsu-squad-af3f2f"}, "file": {"name": "agent.py", "path": "/home/runner/work/epic-game/epic-game/epic/src/epic_games/agent.py"}, "function": "claim_weekly_games", "level": {"icon": "‚ÑπÔ∏è", "name": "INFO", "no": 20}, "line": 294, "message": "claim_weekly_games", "module": "agent", "name": "epic_games.agent", "process": {"id": 3614, "name": "MainProcess"}, "thread": {"id": 140647931620224, "name": "MainThread"}, "time": {"repr": "2023-12-01 00:46:14.896697+08:00", "timestamp": 1701362774.896697}}}
{"text": "2023-12-01 00:46:23 | INFO    | epic_games.agent:claim_weekly_games:326 | claim_weekly_games - {'action': 'move to webPurchaseContainer iframe'}\n", "record": {"elapsed": {"repr": "0:01:26.206341", "seconds": 86.206341}, "exception": null, "extra": {"action": "move to webPurchaseContainer iframe"}, "file": {"name": "agent.py", "path": "/home/runner/work/epic-game/epic-game/epic/src/epic_games/agent.py"}, "function": "claim_weekly_games", "level": {"icon": "‚ÑπÔ∏è", "name": "INFO", "no": 20}, "line": 326, "message": "claim_weekly_games", "module": "agent", "name": "epic_games.agent", "process": {"id": 3614, "name": "MainProcess"}, "thread": {"id": 140647931620224, "name": "MainThread"}, "time": {"repr": "2023-12-01 00:46:23.384268+08:00", "timestamp": 1701362783.384268}}}
{"text": "2023-12-01 00:46:25 | INFO    | epic_games.agent:claim_weekly_games:328 | claim_weekly_games - {'action': 'click payment button'}\n", "record": {"elapsed": {"repr": "0:01:28.585354", "seconds": 88.585354}, "exception": null, "extra": {"action": "click payment button"}, "file": {"name": "agent.py", "path": "/home/runner/work/epic-game/epic-game/epic/src/epic_games/agent.py"}, "function": "claim_weekly_games", "level": {"icon": "‚ÑπÔ∏è", "name": "INFO", "no": 20}, "line": 328, "message": "claim_weekly_games", "module": "agent", "name": "epic_games.agent", "process": {"id": 3614, "name": "MainProcess"}, "thread": {"id": 140647931620224, "name": "MainThread"}, "time": {"repr": "2023-12-01 00:46:25.763281+08:00", "timestamp": 1701362785.763281}}}
{"text": "2023-12-01 00:46:30 | DEBUG    | hcaptcha_challenger.agents.playwright.control:_parse_label:241 | get task - {'prompt': 'Please click on animals that can live in wat–µr.'}\n", "record": {"elapsed": {"repr": "0:01:33.587340", "seconds": 93.58734}, "exception": null, "extra": {"prompt": "Please click on animals that can live in wat–µr."}, "file": {"name": "control.py", "path": "/opt/hostedtoolcache/Python/3.10.13/x64/lib/python3.10/site-packages/hcaptcha_challenger/agents/playwright/control.py"}, "function": "_parse_label", "level": {"icon": "üêû", "name": "DEBUG", "no": 10}, "line": 241, "message": "get task", "module": "control", "name": "hcaptcha_challenger.agents.playwright.control", "process": {"id": 3614, "name": "MainProcess"}, "thread": {"id": 140647931620224, "name": "MainThread"}, "time": {"repr": "2023-12-01 00:46:30.765267+08:00", "timestamp": 1701362790.765267}}}
{"text": "2023-12-01 00:46:32 | DEBUG    | hcaptcha_challenger.agents.playwright.control:_catch_all_binary_challenge:474 | handle task - {'unsupervised': 'binary', 'candidate_labels': ['This is a picture that looks like please click on animals that can live in water.', \"This is a picture that don't look like please click on animals that can live in water.\"], 'prompt': 'Please click on animals that can live in wat–µr.', 'timit': '1.037s'}\n", "record": {"elapsed": {"repr": "0:01:35.061419", "seconds": 95.061419}, "exception": null, "extra": {"unsupervised": "binary", "candidate_labels": ["This is a picture that looks like please click on animals that can live in water.", "This is a picture that don't look like please click on animals that can live in water."], "prompt": "Please click on animals that can live in wat–µr.", "timit": "1.037s"}, "file": {"name": "control.py", "path": "/opt/hostedtoolcache/Python/3.10.13/x64/lib/python3.10/site-packages/hcaptcha_challenger/agents/playwright/control.py"}, "function": "_catch_all_binary_challenge", "level": {"icon": "üêû", "name": "DEBUG", "no": 10}, "line": 474, "message": "handle task", "module": "control", "name": "hcaptcha_challenger.agents.playwright.control", "process": {"id": 3614, "name": "MainProcess"}, "thread": {"id": 140647931620224, "name": "MainThread"}, "time": {"repr": "2023-12-01 00:46:32.239346+08:00", "timestamp": 1701362792.239346}}}
{"text": "2023-12-01 00:46:44 | DEBUG    | epic_games.agent:insert_challenge:106 | task done - {'sattus': 'success'}\n", "record": {"elapsed": {"repr": "0:01:47.248905", "seconds": 107.248905}, "exception": null, "extra": {"sattus": "success"}, "file": {"name": "agent.py", "path": "/home/runner/work/epic-game/epic-game/epic/src/epic_games/agent.py"}, "function": "insert_challenge", "level": {"icon": "üêû", "name": "DEBUG", "no": 10}, "line": 106, "message": "task done", "module": "agent", "name": "epic_games.agent", "process": {"id": 3614, "name": "MainProcess"}, "thread": {"id": 140647931620224, "name": "MainThread"}, "time": {"repr": "2023-12-01 00:46:44.426832+08:00", "timestamp": 1701362804.426832}}}
{"text": "2023-12-01 00:47:16 | INFO    | epic_games.agent:claim_weekly_games:294 | claim_weekly_games - {'action': 'go to store', 'url': 'https://store.epicgames.com/en-US/p/mighty-fight-federation'}\n", "record": {"elapsed": {"repr": "0:02:19.443094", "seconds": 139.443094}, "exception": null, "extra": {"action": "go to store", "url": "https://store.epicgames.com/en-US/p/mighty-fight-federation"}, "file": {"name": "agent.py", "path": "/home/runner/work/epic-game/epic-game/epic/src/epic_games/agent.py"}, "function": "claim_weekly_games", "level": {"icon": "‚ÑπÔ∏è", "name": "INFO", "no": 20}, "line": 294, "message": "claim_weekly_games", "module": "agent", "name": "epic_games.agent", "process": {"id": 3614, "name": "MainProcess"}, "thread": {"id": 140647931620224, "name": "MainThread"}, "time": {"repr": "2023-12-01 00:47:16.621021+08:00", "timestamp": 1701362836.621021}}}
{"text": "2023-12-01 00:47:21 | INFO    | epic_games.agent:claim_weekly_games:294 | claim_weekly_games - {'action': 'go to store', 'url': 'https://store.epicgames.com/en-US/p/jitsu-squad-af3f2f'}\n", "record": {"elapsed": {"repr": "0:02:24.285931", "seconds": 144.285931}, "exception": null, "extra": {"action": "go to store", "url": "https://store.epicgames.com/en-US/p/jitsu-squad-af3f2f"}, "file": {"name": "agent.py", "path": "/home/runner/work/epic-game/epic-game/epic/src/epic_games/agent.py"}, "function": "claim_weekly_games", "level": {"icon": "‚ÑπÔ∏è", "name": "INFO", "no": 20}, "line": 294, "message": "claim_weekly_games", "module": "agent", "name": "epic_games.agent", "process": {"id": 3614, "name": "MainProcess"}, "thread": {"id": 140647931620224, "name": "MainThread"}, "time": {"repr": "2023-12-01 00:47:21.463858+08:00", "timestamp": 1701362841.463858}}}
{"text": "2023-12-01 00:47:30 | INFO    | epic_games.agent:claim_weekly_games:326 | claim_weekly_games - {'action': 'move to webPurchaseContainer iframe'}\n", "record": {"elapsed": {"repr": "0:02:32.900562", "seconds": 152.900562}, "exception": null, "extra": {"action": "move to webPurchaseContainer iframe"}, "file": {"name": "agent.py", "path": "/home/runner/work/epic-game/epic-game/epic/src/epic_games/agent.py"}, "function": "claim_weekly_games", "level": {"icon": "‚ÑπÔ∏è", "name": "INFO", "no": 20}, "line": 326, "message": "claim_weekly_games", "module": "agent", "name": "epic_games.agent", "process": {"id": 3614, "name": "MainProcess"}, "thread": {"id": 140647931620224, "name": "MainThread"}, "time": {"repr": "2023-12-01 00:47:30.078489+08:00", "timestamp": 1701362850.078489}}}
{"text": "2023-12-01 00:47:32 | INFO    | epic_games.agent:claim_weekly_games:328 | claim_weekly_games - {'action': 'click payment button'}\n", "record": {"elapsed": {"repr": "0:02:35.311248", "seconds": 155.311248}, "exception": null, "extra": {"action": "click payment button"}, "file": {"name": "agent.py", "path": "/home/runner/work/epic-game/epic-game/epic/src/epic_games/agent.py"}, "function": "claim_weekly_games", "level": {"icon": "‚ÑπÔ∏è", "name": "INFO", "no": 20}, "line": 328, "message": "claim_weekly_games", "module": "agent", "name": "epic_games.agent", "process": {"id": 3614, "name": "MainProcess"}, "thread": {"id": 140647931620224, "name": "MainThread"}, "time": {"repr": "2023-12-01 00:47:32.489175+08:00", "timestamp": 1701362852.489175}}}
{"text": "2023-12-01 00:47:37 | DEBUG    | hcaptcha_challenger.agents.playwright.control:_parse_label:241 | get task - {'prompt': ' Please click on the object that is rotated with respect to its n–µighbor—ï'}\n", "record": {"elapsed": {"repr": "0:02:40.313929", "seconds": 160.313929}, "exception": null, "extra": {"prompt": " Please click on the object that is rotated with respect to its n–µighbor—ï"}, "file": {"name": "control.py", "path": "/opt/hostedtoolcache/Python/3.10.13/x64/lib/python3.10/site-packages/hcaptcha_challenger/agents/playwright/control.py"}, "function": "_parse_label", "level": {"icon": "üêû", "name": "DEBUG", "no": 10}, "line": 241, "message": "get task", "module": "control", "name": "hcaptcha_challenger.agents.playwright.control", "process": {"id": 3614, "name": "MainProcess"}, "thread": {"id": 140647931620224, "name": "MainThread"}, "time": {"repr": "2023-12-01 00:47:37.491856+08:00", "timestamp": 1701362857.491856}}}
{"text": "2023-12-01 00:47:42 | DEBUG    | epic_games.agent:insert_challenge:106 | task done - {'sattus': 'success'}\n", "record": {"elapsed": {"repr": "0:02:45.206971", "seconds": 165.206971}, "exception": null, "extra": {"sattus": "success"}, "file": {"name": "agent.py", "path": "/home/runner/work/epic-game/epic-game/epic/src/epic_games/agent.py"}, "function": "insert_challenge", "level": {"icon": "üêû", "name": "DEBUG", "no": 10}, "line": 106, "message": "task done", "module": "agent", "name": "epic_games.agent", "process": {"id": 3614, "name": "MainProcess"}, "thread": {"id": 140647931620224, "name": "MainThread"}, "time": {"repr": "2023-12-01 00:47:42.384898+08:00", "timestamp": 1701362862.384898}}}
{"text": "2023-12-01 00:48:14 | ERROR    | __main__:run:158 | An error has been caught in function 'run', process 'MainProcess' (3614), thread 'MainThread' (140647931620224): - {}\nTraceback (most recent call last):\n  File \"/home/runner/work/epic-game/epic-game/epic/src/claim.py\", line 151, in stash\n    await self.claim_epic_games(context)\n  File \"/home/runner/work/epic-game/epic-game/epic/src/claim.py\", line 122, in claim_epic_games\n    await epic.claim_weekly_games(page, single_promotions)\n  File \"/opt/hostedtoolcache/Python/3.10.13/x64/lib/python3.10/site-packages/tenacity/_asyncio.py\", line 88, in async_wrapped\n    return await fn(*args, **kwargs)\n  File \"/opt/hostedtoolcache/Python/3.10.13/x64/lib/python3.10/site-packages/tenacity/_asyncio.py\", line 47, in __call__\n    do = self.iter(retry_state=retry_state)\n  File \"/opt/hostedtoolcache/Python/3.10.13/x64/lib/python3.10/site-packages/tenacity/__init__.py\", line 325, in iter\n    raise retry_exc.reraise()\n  File \"/opt/hostedtoolcache/Python/3.10.13/x64/lib/python3.10/site-packages/tenacity/__init__.py\", line 158, in reraise\n    raise self.last_attempt.result()\n  File \"/opt/hostedtoolcache/Python/3.10.13/x64/lib/python3.10/concurrent/futures/_base.py\", line 451, in result\n    return self.__get_result()\n  File \"/opt/hostedtoolcache/Python/3.10.13/x64/lib/python3.10/concurrent/futures/_base.py\", line 403, in __get_result\n    raise self._exception\n  File \"/opt/hostedtoolcache/Python/3.10.13/x64/lib/python3.10/site-packages/tenacity/_asyncio.py\", line 50, in __call__\n    result = await fn(*args, **kwargs)\n  File \"/home/runner/work/epic-game/epic-game/epic/src/epic_games/agent.py\", line 338, in claim_weekly_games\n    await page.wait_for_url(recur_url)\n  File \"/opt/hostedtoolcache/Python/3.10.13/x64/lib/python3.10/site-packages/playwright/async_api/_generated.py\", line 9417, in wait_for_url\n    await self._impl_obj.wait_for_url(\n  File \"/opt/hostedtoolcache/Python/3.10.13/x64/lib/python3.10/site-packages/playwright/_impl/_page.py\", line 499, in wait_for_url\n    return await self._main_frame.wait_for_url(**locals_to_params(locals()))\n  File \"/opt/hostedtoolcache/Python/3.10.13/x64/lib/python3.10/site-packages/playwright/_impl/_frame.py\", line 227, in wait_for_url\n    async with self.expect_navigation(\n  File \"/opt/hostedtoolcache/Python/3.10.13/x64/lib/python3.10/site-packages/playwright/_impl/_event_context_manager.py\", line 33, in __aexit__\n    await self._future\n  File \"/opt/hostedtoolcache/Python/3.10.13/x64/lib/python3.10/site-packages/playwright/_impl/_frame.py\", line 202, in continuation\n    event = await waiter.result()\nplaywright._impl._errors.TimeoutError: Timeout 30000ms exceeded.\n=========================== logs ===========================\nwaiting for navigation to \"https://store.epicgames.com/en-US/cart/success\" until 'load'\n============================================================\n\nDuring handling of the above exception, another exception occurred:\n\nTraceback (most recent call last):\n  File \"/home/runner/work/epic-game/epic-game/epic/src/claim.py\", line 162, in <module>\n    asyncio.run(run())\n  File \"/opt/hostedtoolcache/Python/3.10.13/x64/lib/python3.10/asyncio/runners.py\", line 44, in run\n    return loop.run_until_complete(main)\n  File \"/opt/hostedtoolcache/Python/3.10.13/x64/lib/python3.10/asyncio/base_events.py\", line 636, in run_until_complete\n    self.run_forever()\n  File \"/opt/hostedtoolcache/Python/3.10.13/x64/lib/python3.10/asyncio/base_events.py\", line 603, in run_forever\n    self._run_once()\n  File \"/opt/hostedtoolcache/Python/3.10.13/x64/lib/python3.10/asyncio/base_events.py\", line 1909, in _run_once\n    handle._run()\n  File \"/opt/hostedtoolcache/Python/3.10.13/x64/lib/python3.10/asyncio/events.py\", line 80, in _run\n    self._context.run(self._callback, *self._args)\n> File \"/home/runner/work/epic-game/epic-game/epic/src/claim.py\", line 158, in run\n    await agent.stash()\n  File \"/home/runner/work/epic-game/epic-game/epic/src/claim.py\", line 139, in stash\n    async with async_playwright() as p:\n  File \"/opt/hostedtoolcache/Python/3.10.13/x64/lib/python3.10/site-packages/playwright/async_api/_context_manager.py\", line 58, in __aexit__\n    await self._connection.stop_async()\n  File \"/opt/hostedtoolcache/Python/3.10.13/x64/lib/python3.10/site-packages/playwright/_impl/_connection.py\", line 288, in stop_async\n    self.cleanup()\n  File \"/opt/hostedtoolcache/Python/3.10.13/x64/lib/python3.10/site-packages/playwright/_impl/_connection.py\", line 299, in cleanup\n    callback.future.set_exception(self._closed_error)\nasyncio.exceptions.InvalidStateError: invalid state\n", "record": {"elapsed": {"repr": "0:03:17.030196", "seconds": 197.030196}, "exception": {"type": "InvalidStateError", "value": "invalid state", "traceback": true}, "extra": {}, "file": {"name": "claim.py", "path": "/home/runner/work/epic-game/epic-game/epic/src/claim.py"}, "function": "run", "level": {"icon": "‚ùå", "name": "ERROR", "no": 40}, "line": 158, "message": "An error has been caught in function 'run', process 'MainProcess' (3614), thread 'MainThread' (140647931620224):", "module": "claim", "name": "__main__", "process": {"id": 3614, "name": "MainProcess"}, "thread": {"id": 140647931620224, "name": "MainThread"}, "time": {"repr": "2023-12-01 00:48:14.208123+08:00", "timestamp": 1701362894.208123}}}
