{"text": "2023-12-27 00:42:53 | INFO    | __main__:stash:131 | run - {'image': '20231121', 'version': '0.10.1.post2', 'role': 'EpicPlayer', 'headless': True}\n", "record": {"elapsed": {"repr": "0:00:01.428997", "seconds": 1.428997}, "exception": null, "extra": {"image": "20231121", "version": "0.10.1.post2", "role": "EpicPlayer", "headless": true}, "file": {"name": "claim.py", "path": "/home/runner/work/epic-game/epic-game/epic/src/claim.py"}, "function": "stash", "level": {"icon": "‚ÑπÔ∏è", "name": "INFO", "no": 20}, "line": 131, "message": "run", "module": "claim", "name": "__main__", "process": {"id": 3571, "name": "MainProcess"}, "thread": {"id": 140319077309312, "name": "MainThread"}, "time": {"repr": "2023-12-27 00:42:53.759113+08:00", "timestamp": 1703608973.759113}}}
{"text": "2023-12-27 00:42:59 | DEBUG    | __main__:create_tasks:66 | Put task - {'title': 'Human Resource Machine', 'url': 'https://store.epicgames.com/en-US/p/human-resource-machine'}\n", "record": {"elapsed": {"repr": "0:00:07.118147", "seconds": 7.118147}, "exception": null, "extra": {"title": "Human Resource Machine", "url": "https://store.epicgames.com/en-US/p/human-resource-machine"}, "file": {"name": "claim.py", "path": "/home/runner/work/epic-game/epic-game/epic/src/claim.py"}, "function": "create_tasks", "level": {"icon": "üêû", "name": "DEBUG", "no": 10}, "line": 66, "message": "Put task", "module": "claim", "name": "__main__", "process": {"id": 3571, "name": "MainProcess"}, "thread": {"id": 140319077309312, "name": "MainThread"}, "time": {"repr": "2023-12-27 00:42:59.448263+08:00", "timestamp": 1703608979.448263}}}
{"text": "2023-12-27 00:43:04 | INFO    | epic_games.agent:claim_weekly_games:294 | claim_weekly_games - {'action': 'go to store', 'url': 'https://store.epicgames.com/en-US/p/human-resource-machine'}\n", "record": {"elapsed": {"repr": "0:00:11.742141", "seconds": 11.742141}, "exception": null, "extra": {"action": "go to store", "url": "https://store.epicgames.com/en-US/p/human-resource-machine"}, "file": {"name": "agent.py", "path": "/home/runner/work/epic-game/epic-game/epic/src/epic_games/agent.py"}, "function": "claim_weekly_games", "level": {"icon": "‚ÑπÔ∏è", "name": "INFO", "no": 20}, "line": 294, "message": "claim_weekly_games", "module": "agent", "name": "epic_games.agent", "process": {"id": 3571, "name": "MainProcess"}, "thread": {"id": 140319077309312, "name": "MainThread"}, "time": {"repr": "2023-12-27 00:43:04.072257+08:00", "timestamp": 1703608984.072257}}}
{"text": "2023-12-27 00:43:11 | INFO    | epic_games.agent:claim_weekly_games:326 | claim_weekly_games - {'action': 'move to webPurchaseContainer iframe'}\n", "record": {"elapsed": {"repr": "0:00:19.180787", "seconds": 19.180787}, "exception": null, "extra": {"action": "move to webPurchaseContainer iframe"}, "file": {"name": "agent.py", "path": "/home/runner/work/epic-game/epic-game/epic/src/epic_games/agent.py"}, "function": "claim_weekly_games", "level": {"icon": "‚ÑπÔ∏è", "name": "INFO", "no": 20}, "line": 326, "message": "claim_weekly_games", "module": "agent", "name": "epic_games.agent", "process": {"id": 3571, "name": "MainProcess"}, "thread": {"id": 140319077309312, "name": "MainThread"}, "time": {"repr": "2023-12-27 00:43:11.510903+08:00", "timestamp": 1703608991.510903}}}
{"text": "2023-12-27 00:43:14 | INFO    | epic_games.agent:claim_weekly_games:328 | claim_weekly_games - {'action': 'click payment button'}\n", "record": {"elapsed": {"repr": "0:00:21.689509", "seconds": 21.689509}, "exception": null, "extra": {"action": "click payment button"}, "file": {"name": "agent.py", "path": "/home/runner/work/epic-game/epic-game/epic/src/epic_games/agent.py"}, "function": "claim_weekly_games", "level": {"icon": "‚ÑπÔ∏è", "name": "INFO", "no": 20}, "line": 328, "message": "claim_weekly_games", "module": "agent", "name": "epic_games.agent", "process": {"id": 3571, "name": "MainProcess"}, "thread": {"id": 140319077309312, "name": "MainThread"}, "time": {"repr": "2023-12-27 00:43:14.019625+08:00", "timestamp": 1703608994.019625}}}
{"text": "2023-12-27 00:43:19 | DEBUG    | hcaptcha_challenger.agents.playwright.control:_parse_label:241 | get task - {'prompt': 'Please click on all images of the heaviest animal s—Äecies'}\n", "record": {"elapsed": {"repr": "0:00:26.693095", "seconds": 26.693095}, "exception": null, "extra": {"prompt": "Please click on all images of the heaviest animal s—Äecies"}, "file": {"name": "control.py", "path": "/opt/hostedtoolcache/Python/3.10.13/x64/lib/python3.10/site-packages/hcaptcha_challenger/agents/playwright/control.py"}, "function": "_parse_label", "level": {"icon": "üêû", "name": "DEBUG", "no": 10}, "line": 241, "message": "get task", "module": "control", "name": "hcaptcha_challenger.agents.playwright.control", "process": {"id": 3571, "name": "MainProcess"}, "thread": {"id": 140319077309312, "name": "MainThread"}, "time": {"repr": "2023-12-27 00:43:19.023211+08:00", "timestamp": 1703608999.023211}}}
{"text": "2023-12-27 00:43:20 | DEBUG    | hcaptcha_challenger.agents.playwright.control:_catch_all_binary_challenge:474 | handle task - {'unsupervised': 'binary', 'candidate_labels': ['This is a picture that looks like please click on all images of the heaviest animal species.', \"This is a picture that don't look like please click on all images of the heaviest animal species.\"], 'prompt': 'Please click on all images of the heaviest animal s—Äecies', 'timit': '0.956s'}\n", "record": {"elapsed": {"repr": "0:00:27.810429", "seconds": 27.810429}, "exception": null, "extra": {"unsupervised": "binary", "candidate_labels": ["This is a picture that looks like please click on all images of the heaviest animal species.", "This is a picture that don't look like please click on all images of the heaviest animal species."], "prompt": "Please click on all images of the heaviest animal s—Äecies", "timit": "0.956s"}, "file": {"name": "control.py", "path": "/opt/hostedtoolcache/Python/3.10.13/x64/lib/python3.10/site-packages/hcaptcha_challenger/agents/playwright/control.py"}, "function": "_catch_all_binary_challenge", "level": {"icon": "üêû", "name": "DEBUG", "no": 10}, "line": 474, "message": "handle task", "module": "control", "name": "hcaptcha_challenger.agents.playwright.control", "process": {"id": 3571, "name": "MainProcess"}, "thread": {"id": 140319077309312, "name": "MainThread"}, "time": {"repr": "2023-12-27 00:43:20.140545+08:00", "timestamp": 1703609000.140545}}}
{"text": "2023-12-27 00:43:31 | DEBUG    | epic_games.agent:insert_challenge:106 | task done - {'sattus': 'success'}\n", "record": {"elapsed": {"repr": "0:00:39.545426", "seconds": 39.545426}, "exception": null, "extra": {"sattus": "success"}, "file": {"name": "agent.py", "path": "/home/runner/work/epic-game/epic-game/epic/src/epic_games/agent.py"}, "function": "insert_challenge", "level": {"icon": "üêû", "name": "DEBUG", "no": 10}, "line": 106, "message": "task done", "module": "agent", "name": "epic_games.agent", "process": {"id": 3571, "name": "MainProcess"}, "thread": {"id": 140319077309312, "name": "MainThread"}, "time": {"repr": "2023-12-27 00:43:31.875542+08:00", "timestamp": 1703609011.875542}}}
{"text": "2023-12-27 00:44:04 | INFO    | epic_games.agent:claim_weekly_games:294 | claim_weekly_games - {'action': 'go to store', 'url': 'https://store.epicgames.com/en-US/p/human-resource-machine'}\n", "record": {"elapsed": {"repr": "0:01:11.726062", "seconds": 71.726062}, "exception": null, "extra": {"action": "go to store", "url": "https://store.epicgames.com/en-US/p/human-resource-machine"}, "file": {"name": "agent.py", "path": "/home/runner/work/epic-game/epic-game/epic/src/epic_games/agent.py"}, "function": "claim_weekly_games", "level": {"icon": "‚ÑπÔ∏è", "name": "INFO", "no": 20}, "line": 294, "message": "claim_weekly_games", "module": "agent", "name": "epic_games.agent", "process": {"id": 3571, "name": "MainProcess"}, "thread": {"id": 140319077309312, "name": "MainThread"}, "time": {"repr": "2023-12-27 00:44:04.056178+08:00", "timestamp": 1703609044.056178}}}
{"text": "2023-12-27 00:44:12 | INFO    | epic_games.agent:claim_weekly_games:326 | claim_weekly_games - {'action': 'move to webPurchaseContainer iframe'}\n", "record": {"elapsed": {"repr": "0:01:19.862560", "seconds": 79.86256}, "exception": null, "extra": {"action": "move to webPurchaseContainer iframe"}, "file": {"name": "agent.py", "path": "/home/runner/work/epic-game/epic-game/epic/src/epic_games/agent.py"}, "function": "claim_weekly_games", "level": {"icon": "‚ÑπÔ∏è", "name": "INFO", "no": 20}, "line": 326, "message": "claim_weekly_games", "module": "agent", "name": "epic_games.agent", "process": {"id": 3571, "name": "MainProcess"}, "thread": {"id": 140319077309312, "name": "MainThread"}, "time": {"repr": "2023-12-27 00:44:12.192676+08:00", "timestamp": 1703609052.192676}}}
{"text": "2023-12-27 00:44:14 | INFO    | epic_games.agent:claim_weekly_games:328 | claim_weekly_games - {'action': 'click payment button'}\n", "record": {"elapsed": {"repr": "0:01:22.263063", "seconds": 82.263063}, "exception": null, "extra": {"action": "click payment button"}, "file": {"name": "agent.py", "path": "/home/runner/work/epic-game/epic-game/epic/src/epic_games/agent.py"}, "function": "claim_weekly_games", "level": {"icon": "‚ÑπÔ∏è", "name": "INFO", "no": 20}, "line": 328, "message": "claim_weekly_games", "module": "agent", "name": "epic_games.agent", "process": {"id": 3571, "name": "MainProcess"}, "thread": {"id": 140319077309312, "name": "MainThread"}, "time": {"repr": "2023-12-27 00:44:14.593179+08:00", "timestamp": 1703609054.593179}}}
{"text": "2023-12-27 00:44:19 | DEBUG    | hcaptcha_challenger.agents.playwright.control:_parse_label:241 | get task - {'prompt': 'Œ°lease click Œøn all images Œøf the heaviest animal s—Äecies'}\n", "record": {"elapsed": {"repr": "0:01:27.265119", "seconds": 87.265119}, "exception": null, "extra": {"prompt": "Œ°lease click Œøn all images Œøf the heaviest animal s—Äecies"}, "file": {"name": "control.py", "path": "/opt/hostedtoolcache/Python/3.10.13/x64/lib/python3.10/site-packages/hcaptcha_challenger/agents/playwright/control.py"}, "function": "_parse_label", "level": {"icon": "üêû", "name": "DEBUG", "no": 10}, "line": 241, "message": "get task", "module": "control", "name": "hcaptcha_challenger.agents.playwright.control", "process": {"id": 3571, "name": "MainProcess"}, "thread": {"id": 140319077309312, "name": "MainThread"}, "time": {"repr": "2023-12-27 00:44:19.595235+08:00", "timestamp": 1703609059.595235}}}
{"text": "2023-12-27 00:44:20 | DEBUG    | hcaptcha_challenger.agents.playwright.control:_catch_all_binary_challenge:474 | handle task - {'unsupervised': 'binary', 'candidate_labels': ['This is a picture that looks like œÅlease click on all images of the heaviest animal species.', \"This is a picture that don't look like œÅlease click on all images of the heaviest animal species.\"], 'prompt': 'Œ°lease click Œøn all images Œøf the heaviest animal s—Äecies', 'timit': '0.793s'}\n", "record": {"elapsed": {"repr": "0:01:28.189814", "seconds": 88.189814}, "exception": null, "extra": {"unsupervised": "binary", "candidate_labels": ["This is a picture that looks like œÅlease click on all images of the heaviest animal species.", "This is a picture that don't look like œÅlease click on all images of the heaviest animal species."], "prompt": "Œ°lease click Œøn all images Œøf the heaviest animal s—Äecies", "timit": "0.793s"}, "file": {"name": "control.py", "path": "/opt/hostedtoolcache/Python/3.10.13/x64/lib/python3.10/site-packages/hcaptcha_challenger/agents/playwright/control.py"}, "function": "_catch_all_binary_challenge", "level": {"icon": "üêû", "name": "DEBUG", "no": 10}, "line": 474, "message": "handle task", "module": "control", "name": "hcaptcha_challenger.agents.playwright.control", "process": {"id": 3571, "name": "MainProcess"}, "thread": {"id": 140319077309312, "name": "MainThread"}, "time": {"repr": "2023-12-27 00:44:20.519930+08:00", "timestamp": 1703609060.51993}}}
{"text": "2023-12-27 00:44:30 | DEBUG    | epic_games.agent:insert_challenge:106 | task done - {'sattus': 'success'}\n", "record": {"elapsed": {"repr": "0:01:38.142843", "seconds": 98.142843}, "exception": null, "extra": {"sattus": "success"}, "file": {"name": "agent.py", "path": "/home/runner/work/epic-game/epic-game/epic/src/epic_games/agent.py"}, "function": "insert_challenge", "level": {"icon": "üêû", "name": "DEBUG", "no": 10}, "line": 106, "message": "task done", "module": "agent", "name": "epic_games.agent", "process": {"id": 3571, "name": "MainProcess"}, "thread": {"id": 140319077309312, "name": "MainThread"}, "time": {"repr": "2023-12-27 00:44:30.472959+08:00", "timestamp": 1703609070.472959}}}
{"text": "2023-12-27 00:45:02 | INFO    | epic_games.agent:claim_weekly_games:294 | claim_weekly_games - {'action': 'go to store', 'url': 'https://store.epicgames.com/en-US/p/human-resource-machine'}\n", "record": {"elapsed": {"repr": "0:02:10.314580", "seconds": 130.31458}, "exception": null, "extra": {"action": "go to store", "url": "https://store.epicgames.com/en-US/p/human-resource-machine"}, "file": {"name": "agent.py", "path": "/home/runner/work/epic-game/epic-game/epic/src/epic_games/agent.py"}, "function": "claim_weekly_games", "level": {"icon": "‚ÑπÔ∏è", "name": "INFO", "no": 20}, "line": 294, "message": "claim_weekly_games", "module": "agent", "name": "epic_games.agent", "process": {"id": 3571, "name": "MainProcess"}, "thread": {"id": 140319077309312, "name": "MainThread"}, "time": {"repr": "2023-12-27 00:45:02.644696+08:00", "timestamp": 1703609102.644696}}}
{"text": "2023-12-27 00:45:11 | INFO    | epic_games.agent:claim_weekly_games:326 | claim_weekly_games - {'action': 'move to webPurchaseContainer iframe'}\n", "record": {"elapsed": {"repr": "0:02:18.813549", "seconds": 138.813549}, "exception": null, "extra": {"action": "move to webPurchaseContainer iframe"}, "file": {"name": "agent.py", "path": "/home/runner/work/epic-game/epic-game/epic/src/epic_games/agent.py"}, "function": "claim_weekly_games", "level": {"icon": "‚ÑπÔ∏è", "name": "INFO", "no": 20}, "line": 326, "message": "claim_weekly_games", "module": "agent", "name": "epic_games.agent", "process": {"id": 3571, "name": "MainProcess"}, "thread": {"id": 140319077309312, "name": "MainThread"}, "time": {"repr": "2023-12-27 00:45:11.143665+08:00", "timestamp": 1703609111.143665}}}
{"text": "2023-12-27 00:45:13 | INFO    | epic_games.agent:claim_weekly_games:328 | claim_weekly_games - {'action': 'click payment button'}\n", "record": {"elapsed": {"repr": "0:02:21.191945", "seconds": 141.191945}, "exception": null, "extra": {"action": "click payment button"}, "file": {"name": "agent.py", "path": "/home/runner/work/epic-game/epic-game/epic/src/epic_games/agent.py"}, "function": "claim_weekly_games", "level": {"icon": "‚ÑπÔ∏è", "name": "INFO", "no": 20}, "line": 328, "message": "claim_weekly_games", "module": "agent", "name": "epic_games.agent", "process": {"id": 3571, "name": "MainProcess"}, "thread": {"id": 140319077309312, "name": "MainThread"}, "time": {"repr": "2023-12-27 00:45:13.522061+08:00", "timestamp": 1703609113.522061}}}
{"text": "2023-12-27 00:45:18 | DEBUG    | hcaptcha_challenger.agents.playwright.control:_parse_label:241 | get task - {'prompt': 'Please cl—ñck on all images of the heaviest animal —ïpecie—ï'}\n", "record": {"elapsed": {"repr": "0:02:26.194183", "seconds": 146.194183}, "exception": null, "extra": {"prompt": "Please cl—ñck on all images of the heaviest animal —ïpecie—ï"}, "file": {"name": "control.py", "path": "/opt/hostedtoolcache/Python/3.10.13/x64/lib/python3.10/site-packages/hcaptcha_challenger/agents/playwright/control.py"}, "function": "_parse_label", "level": {"icon": "üêû", "name": "DEBUG", "no": 10}, "line": 241, "message": "get task", "module": "control", "name": "hcaptcha_challenger.agents.playwright.control", "process": {"id": 3571, "name": "MainProcess"}, "thread": {"id": 140319077309312, "name": "MainThread"}, "time": {"repr": "2023-12-27 00:45:18.524299+08:00", "timestamp": 1703609118.524299}}}
{"text": "2023-12-27 00:45:19 | DEBUG    | hcaptcha_challenger.agents.playwright.control:_catch_all_binary_challenge:474 | handle task - {'unsupervised': 'binary', 'candidate_labels': ['This is a picture that looks like please click on all images of the heaviest animal species.', \"This is a picture that don't look like please click on all images of the heaviest animal species.\"], 'prompt': 'Please cl—ñck on all images of the heaviest animal —ïpecie—ï', 'timit': '0.724s'}\n", "record": {"elapsed": {"repr": "0:02:27.065653", "seconds": 147.065653}, "exception": null, "extra": {"unsupervised": "binary", "candidate_labels": ["This is a picture that looks like please click on all images of the heaviest animal species.", "This is a picture that don't look like please click on all images of the heaviest animal species."], "prompt": "Please cl—ñck on all images of the heaviest animal —ïpecie—ï", "timit": "0.724s"}, "file": {"name": "control.py", "path": "/opt/hostedtoolcache/Python/3.10.13/x64/lib/python3.10/site-packages/hcaptcha_challenger/agents/playwright/control.py"}, "function": "_catch_all_binary_challenge", "level": {"icon": "üêû", "name": "DEBUG", "no": 10}, "line": 474, "message": "handle task", "module": "control", "name": "hcaptcha_challenger.agents.playwright.control", "process": {"id": 3571, "name": "MainProcess"}, "thread": {"id": 140319077309312, "name": "MainThread"}, "time": {"repr": "2023-12-27 00:45:19.395769+08:00", "timestamp": 1703609119.395769}}}
{"text": "2023-12-27 00:45:31 | DEBUG    | epic_games.agent:insert_challenge:106 | task done - {'sattus': 'success'}\n", "record": {"elapsed": {"repr": "0:02:38.771471", "seconds": 158.771471}, "exception": null, "extra": {"sattus": "success"}, "file": {"name": "agent.py", "path": "/home/runner/work/epic-game/epic-game/epic/src/epic_games/agent.py"}, "function": "insert_challenge", "level": {"icon": "üêû", "name": "DEBUG", "no": 10}, "line": 106, "message": "task done", "module": "agent", "name": "epic_games.agent", "process": {"id": 3571, "name": "MainProcess"}, "thread": {"id": 140319077309312, "name": "MainThread"}, "time": {"repr": "2023-12-27 00:45:31.101587+08:00", "timestamp": 1703609131.101587}}}
{"text": "2023-12-27 00:46:02 | ERROR    | __main__:run:158 | An error has been caught in function 'run', process 'MainProcess' (3571), thread 'MainThread' (140319077309312): - {}\nTraceback (most recent call last):\n  File \"/home/runner/work/epic-game/epic-game/epic/src/claim.py\", line 151, in stash\n    await self.claim_epic_games(context)\n  File \"/home/runner/work/epic-game/epic-game/epic/src/claim.py\", line 122, in claim_epic_games\n    await epic.claim_weekly_games(page, single_promotions)\n  File \"/opt/hostedtoolcache/Python/3.10.13/x64/lib/python3.10/site-packages/tenacity/_asyncio.py\", line 88, in async_wrapped\n    return await fn(*args, **kwargs)\n  File \"/opt/hostedtoolcache/Python/3.10.13/x64/lib/python3.10/site-packages/tenacity/_asyncio.py\", line 47, in __call__\n    do = self.iter(retry_state=retry_state)\n  File \"/opt/hostedtoolcache/Python/3.10.13/x64/lib/python3.10/site-packages/tenacity/__init__.py\", line 325, in iter\n    raise retry_exc.reraise()\n  File \"/opt/hostedtoolcache/Python/3.10.13/x64/lib/python3.10/site-packages/tenacity/__init__.py\", line 158, in reraise\n    raise self.last_attempt.result()\n  File \"/opt/hostedtoolcache/Python/3.10.13/x64/lib/python3.10/concurrent/futures/_base.py\", line 451, in result\n    return self.__get_result()\n  File \"/opt/hostedtoolcache/Python/3.10.13/x64/lib/python3.10/concurrent/futures/_base.py\", line 403, in __get_result\n    raise self._exception\n  File \"/opt/hostedtoolcache/Python/3.10.13/x64/lib/python3.10/site-packages/tenacity/_asyncio.py\", line 50, in __call__\n    result = await fn(*args, **kwargs)\n  File \"/home/runner/work/epic-game/epic-game/epic/src/epic_games/agent.py\", line 338, in claim_weekly_games\n    await page.wait_for_url(recur_url)\n  File \"/opt/hostedtoolcache/Python/3.10.13/x64/lib/python3.10/site-packages/playwright/async_api/_generated.py\", line 9417, in wait_for_url\n    await self._impl_obj.wait_for_url(\n  File \"/opt/hostedtoolcache/Python/3.10.13/x64/lib/python3.10/site-packages/playwright/_impl/_page.py\", line 499, in wait_for_url\n    return await self._main_frame.wait_for_url(**locals_to_params(locals()))\n  File \"/opt/hostedtoolcache/Python/3.10.13/x64/lib/python3.10/site-packages/playwright/_impl/_frame.py\", line 227, in wait_for_url\n    async with self.expect_navigation(\n  File \"/opt/hostedtoolcache/Python/3.10.13/x64/lib/python3.10/site-packages/playwright/_impl/_event_context_manager.py\", line 33, in __aexit__\n    await self._future\n  File \"/opt/hostedtoolcache/Python/3.10.13/x64/lib/python3.10/site-packages/playwright/_impl/_frame.py\", line 202, in continuation\n    event = await waiter.result()\nplaywright._impl._errors.TimeoutError: Timeout 30000ms exceeded.\n=========================== logs ===========================\nwaiting for navigation to \"https://store.epicgames.com/en-US/cart/success\" until 'load'\n============================================================\n\nDuring handling of the above exception, another exception occurred:\n\nTraceback (most recent call last):\n  File \"/home/runner/work/epic-game/epic-game/epic/src/claim.py\", line 162, in <module>\n    asyncio.run(run())\n  File \"/opt/hostedtoolcache/Python/3.10.13/x64/lib/python3.10/asyncio/runners.py\", line 44, in run\n    return loop.run_until_complete(main)\n  File \"/opt/hostedtoolcache/Python/3.10.13/x64/lib/python3.10/asyncio/base_events.py\", line 636, in run_until_complete\n    self.run_forever()\n  File \"/opt/hostedtoolcache/Python/3.10.13/x64/lib/python3.10/asyncio/base_events.py\", line 603, in run_forever\n    self._run_once()\n  File \"/opt/hostedtoolcache/Python/3.10.13/x64/lib/python3.10/asyncio/base_events.py\", line 1909, in _run_once\n    handle._run()\n  File \"/opt/hostedtoolcache/Python/3.10.13/x64/lib/python3.10/asyncio/events.py\", line 80, in _run\n    self._context.run(self._callback, *self._args)\n> File \"/home/runner/work/epic-game/epic-game/epic/src/claim.py\", line 158, in run\n    await agent.stash()\n  File \"/home/runner/work/epic-game/epic-game/epic/src/claim.py\", line 139, in stash\n    async with async_playwright() as p:\n  File \"/opt/hostedtoolcache/Python/3.10.13/x64/lib/python3.10/site-packages/playwright/async_api/_context_manager.py\", line 58, in __aexit__\n    await self._connection.stop_async()\n  File \"/opt/hostedtoolcache/Python/3.10.13/x64/lib/python3.10/site-packages/playwright/_impl/_connection.py\", line 288, in stop_async\n    self.cleanup()\n  File \"/opt/hostedtoolcache/Python/3.10.13/x64/lib/python3.10/site-packages/playwright/_impl/_connection.py\", line 299, in cleanup\n    callback.future.set_exception(self._closed_error)\nasyncio.exceptions.InvalidStateError: invalid state\n", "record": {"elapsed": {"repr": "0:03:10.591377", "seconds": 190.591377}, "exception": {"type": "InvalidStateError", "value": "invalid state", "traceback": true}, "extra": {}, "file": {"name": "claim.py", "path": "/home/runner/work/epic-game/epic-game/epic/src/claim.py"}, "function": "run", "level": {"icon": "‚ùå", "name": "ERROR", "no": 40}, "line": 158, "message": "An error has been caught in function 'run', process 'MainProcess' (3571), thread 'MainThread' (140319077309312):", "module": "claim", "name": "__main__", "process": {"id": 3571, "name": "MainProcess"}, "thread": {"id": 140319077309312, "name": "MainThread"}, "time": {"repr": "2023-12-27 00:46:02.921493+08:00", "timestamp": 1703609162.921493}}}
