{"text": "2023-12-29 00:43:47 | INFO    | __main__:stash:131 | run - {'image': '20231121', 'version': '0.10.1.post2', 'role': 'EpicPlayer', 'headless': True}\n", "record": {"elapsed": {"repr": "0:00:01.074982", "seconds": 1.074982}, "exception": null, "extra": {"image": "20231121", "version": "0.10.1.post2", "role": "EpicPlayer", "headless": true}, "file": {"name": "claim.py", "path": "/home/runner/work/epic-game/epic-game/epic/src/claim.py"}, "function": "stash", "level": {"icon": "‚ÑπÔ∏è", "name": "INFO", "no": 20}, "line": 131, "message": "run", "module": "claim", "name": "__main__", "process": {"id": 3584, "name": "MainProcess"}, "thread": {"id": 140220997532544, "name": "MainThread"}, "time": {"repr": "2023-12-29 00:43:47.565414+08:00", "timestamp": 1703781827.565414}}}
{"text": "2023-12-29 00:43:55 | DEBUG    | __main__:create_tasks:66 | Put task - {'title': 'Cat Quest', 'url': 'https://store.epicgames.com/en-US/p/cat-quest-8373e0'}\n", "record": {"elapsed": {"repr": "0:00:09.003528", "seconds": 9.003528}, "exception": null, "extra": {"title": "Cat Quest", "url": "https://store.epicgames.com/en-US/p/cat-quest-8373e0"}, "file": {"name": "claim.py", "path": "/home/runner/work/epic-game/epic-game/epic/src/claim.py"}, "function": "create_tasks", "level": {"icon": "üêû", "name": "DEBUG", "no": 10}, "line": 66, "message": "Put task", "module": "claim", "name": "__main__", "process": {"id": 3584, "name": "MainProcess"}, "thread": {"id": 140220997532544, "name": "MainThread"}, "time": {"repr": "2023-12-29 00:43:55.493960+08:00", "timestamp": 1703781835.49396}}}
{"text": "2023-12-29 00:44:01 | INFO    | epic_games.agent:claim_weekly_games:294 | claim_weekly_games - {'action': 'go to store', 'url': 'https://store.epicgames.com/en-US/p/cat-quest-8373e0'}\n", "record": {"elapsed": {"repr": "0:00:14.772688", "seconds": 14.772688}, "exception": null, "extra": {"action": "go to store", "url": "https://store.epicgames.com/en-US/p/cat-quest-8373e0"}, "file": {"name": "agent.py", "path": "/home/runner/work/epic-game/epic-game/epic/src/epic_games/agent.py"}, "function": "claim_weekly_games", "level": {"icon": "‚ÑπÔ∏è", "name": "INFO", "no": 20}, "line": 294, "message": "claim_weekly_games", "module": "agent", "name": "epic_games.agent", "process": {"id": 3584, "name": "MainProcess"}, "thread": {"id": 140220997532544, "name": "MainThread"}, "time": {"repr": "2023-12-29 00:44:01.263120+08:00", "timestamp": 1703781841.26312}}}
{"text": "2023-12-29 00:44:12 | INFO    | epic_games.agent:claim_weekly_games:326 | claim_weekly_games - {'action': 'move to webPurchaseContainer iframe'}\n", "record": {"elapsed": {"repr": "0:00:26.057862", "seconds": 26.057862}, "exception": null, "extra": {"action": "move to webPurchaseContainer iframe"}, "file": {"name": "agent.py", "path": "/home/runner/work/epic-game/epic-game/epic/src/epic_games/agent.py"}, "function": "claim_weekly_games", "level": {"icon": "‚ÑπÔ∏è", "name": "INFO", "no": 20}, "line": 326, "message": "claim_weekly_games", "module": "agent", "name": "epic_games.agent", "process": {"id": 3584, "name": "MainProcess"}, "thread": {"id": 140220997532544, "name": "MainThread"}, "time": {"repr": "2023-12-29 00:44:12.548294+08:00", "timestamp": 1703781852.548294}}}
{"text": "2023-12-29 00:44:14 | INFO    | epic_games.agent:claim_weekly_games:328 | claim_weekly_games - {'action': 'click payment button'}\n", "record": {"elapsed": {"repr": "0:00:28.443531", "seconds": 28.443531}, "exception": null, "extra": {"action": "click payment button"}, "file": {"name": "agent.py", "path": "/home/runner/work/epic-game/epic-game/epic/src/epic_games/agent.py"}, "function": "claim_weekly_games", "level": {"icon": "‚ÑπÔ∏è", "name": "INFO", "no": 20}, "line": 328, "message": "claim_weekly_games", "module": "agent", "name": "epic_games.agent", "process": {"id": 3584, "name": "MainProcess"}, "thread": {"id": 140220997532544, "name": "MainThread"}, "time": {"repr": "2023-12-29 00:44:14.933963+08:00", "timestamp": 1703781854.933963}}}
{"text": "2023-12-29 00:44:19 | DEBUG    | hcaptcha_challenger.agents.playwright.control:_parse_label:241 | get task - {'prompt': 'Pl–µase —Ålick on all images of the heaviest anim–∞l species'}\n", "record": {"elapsed": {"repr": "0:00:33.445942", "seconds": 33.445942}, "exception": null, "extra": {"prompt": "Pl–µase —Ålick on all images of the heaviest anim–∞l species"}, "file": {"name": "control.py", "path": "/opt/hostedtoolcache/Python/3.10.13/x64/lib/python3.10/site-packages/hcaptcha_challenger/agents/playwright/control.py"}, "function": "_parse_label", "level": {"icon": "üêû", "name": "DEBUG", "no": 10}, "line": 241, "message": "get task", "module": "control", "name": "hcaptcha_challenger.agents.playwright.control", "process": {"id": 3584, "name": "MainProcess"}, "thread": {"id": 140220997532544, "name": "MainThread"}, "time": {"repr": "2023-12-29 00:44:19.936374+08:00", "timestamp": 1703781859.936374}}}
{"text": "2023-12-29 00:44:21 | DEBUG    | hcaptcha_challenger.agents.playwright.control:_catch_all_binary_challenge:474 | handle task - {'unsupervised': 'binary', 'candidate_labels': ['This is a picture that looks like please click on all images of the heaviest animal species.', \"This is a picture that don't look like please click on all images of the heaviest animal species.\"], 'prompt': 'Pl–µase —Ålick on all images of the heaviest anim–∞l species', 'timit': '0.986s'}\n", "record": {"elapsed": {"repr": "0:00:34.618392", "seconds": 34.618392}, "exception": null, "extra": {"unsupervised": "binary", "candidate_labels": ["This is a picture that looks like please click on all images of the heaviest animal species.", "This is a picture that don't look like please click on all images of the heaviest animal species."], "prompt": "Pl–µase —Ålick on all images of the heaviest anim–∞l species", "timit": "0.986s"}, "file": {"name": "control.py", "path": "/opt/hostedtoolcache/Python/3.10.13/x64/lib/python3.10/site-packages/hcaptcha_challenger/agents/playwright/control.py"}, "function": "_catch_all_binary_challenge", "level": {"icon": "üêû", "name": "DEBUG", "no": 10}, "line": 474, "message": "handle task", "module": "control", "name": "hcaptcha_challenger.agents.playwright.control", "process": {"id": 3584, "name": "MainProcess"}, "thread": {"id": 140220997532544, "name": "MainThread"}, "time": {"repr": "2023-12-29 00:44:21.108824+08:00", "timestamp": 1703781861.108824}}}
{"text": "2023-12-29 00:44:30 | DEBUG    | epic_games.agent:insert_challenge:106 | task done - {'sattus': 'success'}\n", "record": {"elapsed": {"repr": "0:00:43.739450", "seconds": 43.73945}, "exception": null, "extra": {"sattus": "success"}, "file": {"name": "agent.py", "path": "/home/runner/work/epic-game/epic-game/epic/src/epic_games/agent.py"}, "function": "insert_challenge", "level": {"icon": "üêû", "name": "DEBUG", "no": 10}, "line": 106, "message": "task done", "module": "agent", "name": "epic_games.agent", "process": {"id": 3584, "name": "MainProcess"}, "thread": {"id": 140220997532544, "name": "MainThread"}, "time": {"repr": "2023-12-29 00:44:30.229882+08:00", "timestamp": 1703781870.229882}}}
{"text": "2023-12-29 00:45:02 | INFO    | epic_games.agent:claim_weekly_games:294 | claim_weekly_games - {'action': 'go to store', 'url': 'https://store.epicgames.com/en-US/p/cat-quest-8373e0'}\n", "record": {"elapsed": {"repr": "0:01:15.907772", "seconds": 75.907772}, "exception": null, "extra": {"action": "go to store", "url": "https://store.epicgames.com/en-US/p/cat-quest-8373e0"}, "file": {"name": "agent.py", "path": "/home/runner/work/epic-game/epic-game/epic/src/epic_games/agent.py"}, "function": "claim_weekly_games", "level": {"icon": "‚ÑπÔ∏è", "name": "INFO", "no": 20}, "line": 294, "message": "claim_weekly_games", "module": "agent", "name": "epic_games.agent", "process": {"id": 3584, "name": "MainProcess"}, "thread": {"id": 140220997532544, "name": "MainThread"}, "time": {"repr": "2023-12-29 00:45:02.398204+08:00", "timestamp": 1703781902.398204}}}
{"text": "2023-12-29 00:45:11 | INFO    | epic_games.agent:claim_weekly_games:326 | claim_weekly_games - {'action': 'move to webPurchaseContainer iframe'}\n", "record": {"elapsed": {"repr": "0:01:24.684224", "seconds": 84.684224}, "exception": null, "extra": {"action": "move to webPurchaseContainer iframe"}, "file": {"name": "agent.py", "path": "/home/runner/work/epic-game/epic-game/epic/src/epic_games/agent.py"}, "function": "claim_weekly_games", "level": {"icon": "‚ÑπÔ∏è", "name": "INFO", "no": 20}, "line": 326, "message": "claim_weekly_games", "module": "agent", "name": "epic_games.agent", "process": {"id": 3584, "name": "MainProcess"}, "thread": {"id": 140220997532544, "name": "MainThread"}, "time": {"repr": "2023-12-29 00:45:11.174656+08:00", "timestamp": 1703781911.174656}}}
{"text": "2023-12-29 00:45:13 | INFO    | epic_games.agent:claim_weekly_games:328 | claim_weekly_games - {'action': 'click payment button'}\n", "record": {"elapsed": {"repr": "0:01:27.080355", "seconds": 87.080355}, "exception": null, "extra": {"action": "click payment button"}, "file": {"name": "agent.py", "path": "/home/runner/work/epic-game/epic-game/epic/src/epic_games/agent.py"}, "function": "claim_weekly_games", "level": {"icon": "‚ÑπÔ∏è", "name": "INFO", "no": 20}, "line": 328, "message": "claim_weekly_games", "module": "agent", "name": "epic_games.agent", "process": {"id": 3584, "name": "MainProcess"}, "thread": {"id": 140220997532544, "name": "MainThread"}, "time": {"repr": "2023-12-29 00:45:13.570787+08:00", "timestamp": 1703781913.570787}}}
{"text": "2023-12-29 00:45:18 | DEBUG    | hcaptcha_challenger.agents.playwright.control:_parse_label:241 | get task - {'prompt': 'Œ°lease click on all images of the heaviest animal specie—ï'}\n", "record": {"elapsed": {"repr": "0:01:32.083774", "seconds": 92.083774}, "exception": null, "extra": {"prompt": "Œ°lease click on all images of the heaviest animal specie—ï"}, "file": {"name": "control.py", "path": "/opt/hostedtoolcache/Python/3.10.13/x64/lib/python3.10/site-packages/hcaptcha_challenger/agents/playwright/control.py"}, "function": "_parse_label", "level": {"icon": "üêû", "name": "DEBUG", "no": 10}, "line": 241, "message": "get task", "module": "control", "name": "hcaptcha_challenger.agents.playwright.control", "process": {"id": 3584, "name": "MainProcess"}, "thread": {"id": 140220997532544, "name": "MainThread"}, "time": {"repr": "2023-12-29 00:45:18.574206+08:00", "timestamp": 1703781918.574206}}}
{"text": "2023-12-29 00:45:19 | DEBUG    | hcaptcha_challenger.agents.playwright.control:_catch_all_binary_challenge:474 | handle task - {'unsupervised': 'binary', 'candidate_labels': ['This is a picture that looks like œÅlease click on all images of the heaviest animal species.', \"This is a picture that don't look like œÅlease click on all images of the heaviest animal species.\"], 'prompt': 'Œ°lease click on all images of the heaviest animal specie—ï', 'timit': '0.777s'}\n", "record": {"elapsed": {"repr": "0:01:32.996656", "seconds": 92.996656}, "exception": null, "extra": {"unsupervised": "binary", "candidate_labels": ["This is a picture that looks like œÅlease click on all images of the heaviest animal species.", "This is a picture that don't look like œÅlease click on all images of the heaviest animal species."], "prompt": "Œ°lease click on all images of the heaviest animal specie—ï", "timit": "0.777s"}, "file": {"name": "control.py", "path": "/opt/hostedtoolcache/Python/3.10.13/x64/lib/python3.10/site-packages/hcaptcha_challenger/agents/playwright/control.py"}, "function": "_catch_all_binary_challenge", "level": {"icon": "üêû", "name": "DEBUG", "no": 10}, "line": 474, "message": "handle task", "module": "control", "name": "hcaptcha_challenger.agents.playwright.control", "process": {"id": 3584, "name": "MainProcess"}, "thread": {"id": 140220997532544, "name": "MainThread"}, "time": {"repr": "2023-12-29 00:45:19.487088+08:00", "timestamp": 1703781919.487088}}}
{"text": "2023-12-29 00:45:31 | DEBUG    | epic_games.agent:insert_challenge:106 | task done - {'sattus': 'success'}\n", "record": {"elapsed": {"repr": "0:01:45.417084", "seconds": 105.417084}, "exception": null, "extra": {"sattus": "success"}, "file": {"name": "agent.py", "path": "/home/runner/work/epic-game/epic-game/epic/src/epic_games/agent.py"}, "function": "insert_challenge", "level": {"icon": "üêû", "name": "DEBUG", "no": 10}, "line": 106, "message": "task done", "module": "agent", "name": "epic_games.agent", "process": {"id": 3584, "name": "MainProcess"}, "thread": {"id": 140220997532544, "name": "MainThread"}, "time": {"repr": "2023-12-29 00:45:31.907516+08:00", "timestamp": 1703781931.907516}}}
{"text": "2023-12-29 00:46:04 | INFO    | epic_games.agent:claim_weekly_games:294 | claim_weekly_games - {'action': 'go to store', 'url': 'https://store.epicgames.com/en-US/p/cat-quest-8373e0'}\n", "record": {"elapsed": {"repr": "0:02:17.603768", "seconds": 137.603768}, "exception": null, "extra": {"action": "go to store", "url": "https://store.epicgames.com/en-US/p/cat-quest-8373e0"}, "file": {"name": "agent.py", "path": "/home/runner/work/epic-game/epic-game/epic/src/epic_games/agent.py"}, "function": "claim_weekly_games", "level": {"icon": "‚ÑπÔ∏è", "name": "INFO", "no": 20}, "line": 294, "message": "claim_weekly_games", "module": "agent", "name": "epic_games.agent", "process": {"id": 3584, "name": "MainProcess"}, "thread": {"id": 140220997532544, "name": "MainThread"}, "time": {"repr": "2023-12-29 00:46:04.094200+08:00", "timestamp": 1703781964.0942}}}
{"text": "2023-12-29 00:46:12 | INFO    | epic_games.agent:claim_weekly_games:326 | claim_weekly_games - {'action': 'move to webPurchaseContainer iframe'}\n", "record": {"elapsed": {"repr": "0:02:26.345478", "seconds": 146.345478}, "exception": null, "extra": {"action": "move to webPurchaseContainer iframe"}, "file": {"name": "agent.py", "path": "/home/runner/work/epic-game/epic-game/epic/src/epic_games/agent.py"}, "function": "claim_weekly_games", "level": {"icon": "‚ÑπÔ∏è", "name": "INFO", "no": 20}, "line": 326, "message": "claim_weekly_games", "module": "agent", "name": "epic_games.agent", "process": {"id": 3584, "name": "MainProcess"}, "thread": {"id": 140220997532544, "name": "MainThread"}, "time": {"repr": "2023-12-29 00:46:12.835910+08:00", "timestamp": 1703781972.83591}}}
{"text": "2023-12-29 00:46:15 | INFO    | epic_games.agent:claim_weekly_games:328 | claim_weekly_games - {'action': 'click payment button'}\n", "record": {"elapsed": {"repr": "0:02:28.739454", "seconds": 148.739454}, "exception": null, "extra": {"action": "click payment button"}, "file": {"name": "agent.py", "path": "/home/runner/work/epic-game/epic-game/epic/src/epic_games/agent.py"}, "function": "claim_weekly_games", "level": {"icon": "‚ÑπÔ∏è", "name": "INFO", "no": 20}, "line": 328, "message": "claim_weekly_games", "module": "agent", "name": "epic_games.agent", "process": {"id": 3584, "name": "MainProcess"}, "thread": {"id": 140220997532544, "name": "MainThread"}, "time": {"repr": "2023-12-29 00:46:15.229886+08:00", "timestamp": 1703781975.229886}}}
{"text": "2023-12-29 00:46:20 | DEBUG    | hcaptcha_challenger.agents.playwright.control:_parse_label:241 | get task - {'prompt': 'Please click Œøn all images of the he–∞vi–µst animal species'}\n", "record": {"elapsed": {"repr": "0:02:33.743948", "seconds": 153.743948}, "exception": null, "extra": {"prompt": "Please click Œøn all images of the he–∞vi–µst animal species"}, "file": {"name": "control.py", "path": "/opt/hostedtoolcache/Python/3.10.13/x64/lib/python3.10/site-packages/hcaptcha_challenger/agents/playwright/control.py"}, "function": "_parse_label", "level": {"icon": "üêû", "name": "DEBUG", "no": 10}, "line": 241, "message": "get task", "module": "control", "name": "hcaptcha_challenger.agents.playwright.control", "process": {"id": 3584, "name": "MainProcess"}, "thread": {"id": 140220997532544, "name": "MainThread"}, "time": {"repr": "2023-12-29 00:46:20.234380+08:00", "timestamp": 1703781980.23438}}}
{"text": "2023-12-29 00:46:21 | DEBUG    | hcaptcha_challenger.agents.playwright.control:_catch_all_binary_challenge:474 | handle task - {'unsupervised': 'binary', 'candidate_labels': ['This is a picture that looks like please click on all images of the heaviest animal species.', \"This is a picture that don't look like please click on all images of the heaviest animal species.\"], 'prompt': 'Please click Œøn all images of the he–∞vi–µst animal species', 'timit': '0.773s'}\n", "record": {"elapsed": {"repr": "0:02:34.642565", "seconds": 154.642565}, "exception": null, "extra": {"unsupervised": "binary", "candidate_labels": ["This is a picture that looks like please click on all images of the heaviest animal species.", "This is a picture that don't look like please click on all images of the heaviest animal species."], "prompt": "Please click Œøn all images of the he–∞vi–µst animal species", "timit": "0.773s"}, "file": {"name": "control.py", "path": "/opt/hostedtoolcache/Python/3.10.13/x64/lib/python3.10/site-packages/hcaptcha_challenger/agents/playwright/control.py"}, "function": "_catch_all_binary_challenge", "level": {"icon": "üêû", "name": "DEBUG", "no": 10}, "line": 474, "message": "handle task", "module": "control", "name": "hcaptcha_challenger.agents.playwright.control", "process": {"id": 3584, "name": "MainProcess"}, "thread": {"id": 140220997532544, "name": "MainThread"}, "time": {"repr": "2023-12-29 00:46:21.132997+08:00", "timestamp": 1703781981.132997}}}
{"text": "2023-12-29 00:46:31 | DEBUG    | epic_games.agent:insert_challenge:106 | task done - {'sattus': 'success'}\n", "record": {"elapsed": {"repr": "0:02:44.854980", "seconds": 164.85498}, "exception": null, "extra": {"sattus": "success"}, "file": {"name": "agent.py", "path": "/home/runner/work/epic-game/epic-game/epic/src/epic_games/agent.py"}, "function": "insert_challenge", "level": {"icon": "üêû", "name": "DEBUG", "no": 10}, "line": 106, "message": "task done", "module": "agent", "name": "epic_games.agent", "process": {"id": 3584, "name": "MainProcess"}, "thread": {"id": 140220997532544, "name": "MainThread"}, "time": {"repr": "2023-12-29 00:46:31.345412+08:00", "timestamp": 1703781991.345412}}}
{"text": "2023-12-29 00:47:03 | ERROR    | __main__:run:158 | An error has been caught in function 'run', process 'MainProcess' (3584), thread 'MainThread' (140220997532544): - {}\nTraceback (most recent call last):\n  File \"/home/runner/work/epic-game/epic-game/epic/src/claim.py\", line 151, in stash\n    await self.claim_epic_games(context)\n  File \"/home/runner/work/epic-game/epic-game/epic/src/claim.py\", line 122, in claim_epic_games\n    await epic.claim_weekly_games(page, single_promotions)\n  File \"/opt/hostedtoolcache/Python/3.10.13/x64/lib/python3.10/site-packages/tenacity/_asyncio.py\", line 88, in async_wrapped\n    return await fn(*args, **kwargs)\n  File \"/opt/hostedtoolcache/Python/3.10.13/x64/lib/python3.10/site-packages/tenacity/_asyncio.py\", line 47, in __call__\n    do = self.iter(retry_state=retry_state)\n  File \"/opt/hostedtoolcache/Python/3.10.13/x64/lib/python3.10/site-packages/tenacity/__init__.py\", line 325, in iter\n    raise retry_exc.reraise()\n  File \"/opt/hostedtoolcache/Python/3.10.13/x64/lib/python3.10/site-packages/tenacity/__init__.py\", line 158, in reraise\n    raise self.last_attempt.result()\n  File \"/opt/hostedtoolcache/Python/3.10.13/x64/lib/python3.10/concurrent/futures/_base.py\", line 451, in result\n    return self.__get_result()\n  File \"/opt/hostedtoolcache/Python/3.10.13/x64/lib/python3.10/concurrent/futures/_base.py\", line 403, in __get_result\n    raise self._exception\n  File \"/opt/hostedtoolcache/Python/3.10.13/x64/lib/python3.10/site-packages/tenacity/_asyncio.py\", line 50, in __call__\n    result = await fn(*args, **kwargs)\n  File \"/home/runner/work/epic-game/epic-game/epic/src/epic_games/agent.py\", line 338, in claim_weekly_games\n    await page.wait_for_url(recur_url)\n  File \"/opt/hostedtoolcache/Python/3.10.13/x64/lib/python3.10/site-packages/playwright/async_api/_generated.py\", line 9417, in wait_for_url\n    await self._impl_obj.wait_for_url(\n  File \"/opt/hostedtoolcache/Python/3.10.13/x64/lib/python3.10/site-packages/playwright/_impl/_page.py\", line 499, in wait_for_url\n    return await self._main_frame.wait_for_url(**locals_to_params(locals()))\n  File \"/opt/hostedtoolcache/Python/3.10.13/x64/lib/python3.10/site-packages/playwright/_impl/_frame.py\", line 227, in wait_for_url\n    async with self.expect_navigation(\n  File \"/opt/hostedtoolcache/Python/3.10.13/x64/lib/python3.10/site-packages/playwright/_impl/_event_context_manager.py\", line 33, in __aexit__\n    await self._future\n  File \"/opt/hostedtoolcache/Python/3.10.13/x64/lib/python3.10/site-packages/playwright/_impl/_frame.py\", line 202, in continuation\n    event = await waiter.result()\nplaywright._impl._errors.TimeoutError: Timeout 30000ms exceeded.\n=========================== logs ===========================\nwaiting for navigation to \"https://store.epicgames.com/en-US/cart/success\" until 'load'\n============================================================\n\nDuring handling of the above exception, another exception occurred:\n\nTraceback (most recent call last):\n  File \"/home/runner/work/epic-game/epic-game/epic/src/claim.py\", line 162, in <module>\n    asyncio.run(run())\n  File \"/opt/hostedtoolcache/Python/3.10.13/x64/lib/python3.10/asyncio/runners.py\", line 44, in run\n    return loop.run_until_complete(main)\n  File \"/opt/hostedtoolcache/Python/3.10.13/x64/lib/python3.10/asyncio/base_events.py\", line 636, in run_until_complete\n    self.run_forever()\n  File \"/opt/hostedtoolcache/Python/3.10.13/x64/lib/python3.10/asyncio/base_events.py\", line 603, in run_forever\n    self._run_once()\n  File \"/opt/hostedtoolcache/Python/3.10.13/x64/lib/python3.10/asyncio/base_events.py\", line 1909, in _run_once\n    handle._run()\n  File \"/opt/hostedtoolcache/Python/3.10.13/x64/lib/python3.10/asyncio/events.py\", line 80, in _run\n    self._context.run(self._callback, *self._args)\n> File \"/home/runner/work/epic-game/epic-game/epic/src/claim.py\", line 158, in run\n    await agent.stash()\n  File \"/home/runner/work/epic-game/epic-game/epic/src/claim.py\", line 139, in stash\n    async with async_playwright() as p:\n  File \"/opt/hostedtoolcache/Python/3.10.13/x64/lib/python3.10/site-packages/playwright/async_api/_context_manager.py\", line 58, in __aexit__\n    await self._connection.stop_async()\n  File \"/opt/hostedtoolcache/Python/3.10.13/x64/lib/python3.10/site-packages/playwright/_impl/_connection.py\", line 288, in stop_async\n    self.cleanup()\n  File \"/opt/hostedtoolcache/Python/3.10.13/x64/lib/python3.10/site-packages/playwright/_impl/_connection.py\", line 299, in cleanup\n    callback.future.set_exception(self._closed_error)\nasyncio.exceptions.InvalidStateError: invalid state\n", "record": {"elapsed": {"repr": "0:03:16.701681", "seconds": 196.701681}, "exception": {"type": "InvalidStateError", "value": "invalid state", "traceback": true}, "extra": {}, "file": {"name": "claim.py", "path": "/home/runner/work/epic-game/epic-game/epic/src/claim.py"}, "function": "run", "level": {"icon": "‚ùå", "name": "ERROR", "no": 40}, "line": 158, "message": "An error has been caught in function 'run', process 'MainProcess' (3584), thread 'MainThread' (140220997532544):", "module": "claim", "name": "__main__", "process": {"id": 3584, "name": "MainProcess"}, "thread": {"id": 140220997532544, "name": "MainThread"}, "time": {"repr": "2023-12-29 00:47:03.192113+08:00", "timestamp": 1703782023.192113}}}
